<?xml version="1.0" encoding="UTF-8"?>
<!-- Generated by org.testng.reporters.JUnitXMLReporter -->
<testsuite hostname="POBBATHI-RAJESWARI" failures="6" tests="8" name="Test1" time="0.092" errors="0" timestamp="19 Jul 2023 12:15:08 GMT">
  <testcase classname="com.myfirstmavenproject.junit.CalculatorTest" name="add1" time="0.018"/>
  <testcase classname="com.myfirstmavenproject.junit.CalculatorTest" name="add1" time="0.001">
    <failure type="java.lang.AssertionError" message="expected [10] but found [20]">
      <![CDATA[java.lang.AssertionError: expected [10] but found [20]
	at com.myfirstmavenproject.junit.CalculatorTest.add1(CalculatorTest.java:13)
... Removed 30 stack frames]]>
    </failure>
  </testcase> <!-- add1 -->
  <testcase classname="com.myfirstmavenproject.junit.CalculatorTest" name="add1" time="0.001">
    <failure type="java.lang.AssertionError" message="expected [10] but found [15]">
      <![CDATA[java.lang.AssertionError: expected [10] but found [15]
	at com.myfirstmavenproject.junit.CalculatorTest.add1(CalculatorTest.java:13)
... Removed 30 stack frames]]>
    </failure>
  </testcase> <!-- add1 -->
  <testcase classname="com.myfirstmavenproject.junit.CalculatorTest" name="add1" time="0.01">
    <failure type="java.lang.AssertionError" message="expected [10] but found [16]">
      <![CDATA[java.lang.AssertionError: expected [10] but found [16]
	at com.myfirstmavenproject.junit.CalculatorTest.add1(CalculatorTest.java:13)
... Removed 30 stack frames]]>
    </failure>
  </testcase> <!-- add1 -->
  <testcase classname="com.myfirstmavenproject.junit.CalculatorTest" name="add1" time="0.003">
    <failure type="java.lang.AssertionError" message="expected [10] but found [19]">
      <![CDATA[java.lang.AssertionError: expected [10] but found [19]
	at com.myfirstmavenproject.junit.CalculatorTest.add1(CalculatorTest.java:13)
... Removed 30 stack frames]]>
    </failure>
  </testcase> <!-- add1 -->
  <testcase classname="com.myfirstmavenproject.junit.CalculatorTest" name="add1" time="0.001">
    <failure type="java.lang.AssertionError" message="expected [10] but found [29]">
      <![CDATA[java.lang.AssertionError: expected [10] but found [29]
	at com.myfirstmavenproject.junit.CalculatorTest.add1(CalculatorTest.java:13)
... Removed 30 stack frames]]>
    </failure>
  </testcase> <!-- add1 -->
  <testcase classname="com.myfirstmavenproject.junit.CalculatorTest" name="add1" time="0.001">
    <failure type="java.lang.AssertionError" message="expected [10] but found [11]">
      <![CDATA[java.lang.AssertionError: expected [10] but found [11]
	at com.myfirstmavenproject.junit.CalculatorTest.add1(CalculatorTest.java:13)
... Removed 30 stack frames]]>
    </failure>
  </testcase> <!-- add1 -->
  <testcase classname="com.myfirstmavenproject.junit.CalculatorTest" name="sub1" time="0.002"/>
</testsuite> <!-- Test1 -->
